1 2
3 4
5 6
7 8
9 10
11 12
13 14
15 16
17 18
19 20
21 22
23 24
25 26
27 28
29 30
31 32
33 34
35 36
37 38
39 40
41 42
43 44
45 46
47 48
49 50
51 52
53 54
55 56
57 58
59 60
61 62
63 64
65 66
67 68
69 70
71 72
73 74
75 76
77 78
79 80
81 82
83 84
85 86
87 88
89 90
91 92
93 94
95 96
97 98
99 100
1 59
2 16
3 93
5 72
6 76
7 46
9 49
10 55
11 28
12 78
13 18
14 67
17 50
19 99
20 100
21 87
23 65
24 79
25 58
26 74
29 83
30 45
31 89
32 51
33 91
34 81
35 54
36 42
37 48
38 97
39 98
40 94
41 90
43 86
44 73
47 69
52 88
56 60
57 85
61 68
62 70
63 96
64 77
66 80
75 92
84 95
