1 2
3 4
5 6
7 8
9 10
11 12
13 14
15 16
17 18
19 20
21 22
23 24
25 26
27 28
29 30
31 32
33 34
35 36
37 38
39 40
41 42
43 44
45 46
47 48
49 50
51 52
53 54
55 56
57 58
59 60
61 62
63 64
65 66
67 68
69 70
71 72
73 74
75 76
77 78
79 80
81 82
83 84
85 86
87 88
89 90
91 92
93 94
95 96
97 98
99 100
1 70
2 85
1 83
2 18
3 9
4 15
3 55
4 87
5 42
6 28
6 19
7 23
8 45
9 55
10 89
10 88
11 78
12 36
13 41
14 16
13 52
15 87
17 35
18 85
19 28
20 67
25 50
26 97
26 48
27 31
29 76
30 69
32 57
33 98
34 61
37 80
38 75
37 93
39 53
40 51
39 96
41 52
44 62
46 73
47 64
48 97
54 82
53 96
56 68
56 59
58 99
59 68
60 92
60 65
63 66
63 74
66 74
65 92
70 83
71 100
72 91
80 93
81 86
84 94
88 89
