1 2
3 4
5 6
7 8
9 10
11 12
13 14
15 16
17 18
19 20
21 22
23 24
25 26
27 28
29 30
31 32
33 34
35 36
37 38
39 40
41 42
43 44
45 46
47 48
49 50
51 52
53 54
55 56
57 58
59 60
61 62
63 64
65 66
67 68
69 70
71 72
73 74
75 76
77 78
79 80
81 82
83 84
85 86
87 88
89 90
91 92
93 94
95 96
97 98
99 100
1 86
2 15
3 34
4 73
5 38
6 21
7 41
8 31
9 90
10 97
11 42
12 33
13 43
14 69
16 50
17 64
18 54
19 88
20 62
22 68
23 81
24 25
26 63
27 37
28 59
29 58
30 89
32 100
35 94
36 95
39 55
40 91
44 57
45 53
46 56
47 77
48 49
51 75
60 70
61 92
65 99
66 93
67 85
71 83
72 74
76 84
79 98
87 96
